Loading dataset...
Dataset shape: (128, 600, 17400)
Analyzing 8 failed + 4 working samples

Computing statistics...

====================================================================================================
FAILED SAMPLES
====================================================================================================
Idx    Label  Mean       Max        Stim       Active   Expected  
----------------------------------------------------------------------------------------------------
10     3      0.009150   0.139515   0.016014   17164    73482     
20     4      0.009248   0.114591   0.016441   17234    74265     
30     7      0.009275   0.123751   0.016587   17232    74487     
40     1      0.009290   0.134610   0.016331   17283    74603     
50     9      0.009169   0.135268   0.016110   17186    73632     
60     2      0.009175   0.131833   0.015953   17157    73679     
70     1      0.009318   0.123883   0.016553   17287    74833     
80     4      0.009227   0.137723   0.016100   17210    74103     

====================================================================================================
WORKING SAMPLES
====================================================================================================
Idx    Label  Mean       Max        Stim       Active   Expected  
----------------------------------------------------------------------------------------------------
90     8      0.009119   0.123951   0.015987   17131    73233     
100    2      0.009209   0.128148   0.016013   17193    73957     
123    0      0.009156   0.137483   0.016060   17157    73526     
124    5      0.009206   0.130797   0.015994   17190    73931     

====================================================================================================
GROUP COMPARISON
====================================================================================================

FAILED SAMPLES:
  Mean probability:     0.009231 ± 0.000058 (range: [0.009150, 0.009318])
  Max probability:      0.130147 ± 0.008033
  Stim onset (50-100ms): 0.016261 ± 0.000233
  Expected spikes:      74136 ± 466

WORKING SAMPLES:
  Mean probability:     0.009172 ± 0.000037 (range: [0.009119, 0.009209])
  Max probability:      0.130095 ± 0.004915
  Stim onset (50-100ms): 0.016014 ± 0.000029
  Expected spikes:      73662 ± 301

Generating comparison visualization...
Saved comparison to: samples_comparison.png

====================================================================================================
CORRELATION ANALYSIS
====================================================================================================

Correlation between FAILED samples (stimulus period 50-150ms):
  Sample 10 vs 20: 0.8970
  Sample 10 vs 30: 0.9062
  Sample 10 vs 40: 0.9115
  Sample 10 vs 50: 0.8747
  Sample 10 vs 60: 0.9195
  Sample 10 vs 70: 0.9121
  Sample 10 vs 80: 0.8500
  Sample 20 vs 30: 0.9470
  Sample 20 vs 40: 0.8870
  Sample 20 vs 50: 0.9050
  Sample 20 vs 60: 0.8778
  Sample 20 vs 70: 0.9373
  Sample 20 vs 80: 0.8841
  Sample 30 vs 40: 0.8948
  Sample 30 vs 50: 0.9084
  Sample 30 vs 60: 0.8762
  Sample 30 vs 70: 0.9344
  Sample 30 vs 80: 0.8981
  Sample 40 vs 50: 0.8685
  Sample 40 vs 60: 0.9229
  Sample 40 vs 70: 0.9132
  Sample 40 vs 80: 0.8935
  Sample 50 vs 60: 0.8519
  Sample 50 vs 70: 0.8848
  Sample 50 vs 80: 0.9001
  Sample 60 vs 70: 0.9028
  Sample 60 vs 80: 0.8530
  Sample 70 vs 80: 0.8640

Correlation between WORKING samples (stimulus period 50-150ms):
  Sample 90 vs 100: 0.8839
  Sample 90 vs 123: 0.8920
  Sample 90 vs 124: 0.8756
  Sample 100 vs 123: 0.8673
  Sample 100 vs 124: 0.8732
  Sample 123 vs 124: 0.8474

Cross-correlation (failed vs working):
  Sample 10 (failed) vs 90 (working): 0.8773
  Sample 10 (failed) vs 100 (working): 0.9121
  Sample 20 (failed) vs 90 (working): 0.9035
  Sample 20 (failed) vs 100 (working): 0.8728

====================================================================================================
ANALYSIS COMPLETE
====================================================================================================
