Analyzing sample 10
Loading dataset...
Sample 10: Label = 3
Shape: (600, 17400)
Response window: [ 50 100]

================================================================================
STATISTICS
================================================================================

Overall statistics:
  Mean probability: 0.009150
  Std probability:  0.013767
  Min probability:  0.000000
  Max probability:  0.139515
  Median:           0.004774
  95th percentile:  0.040203

By time window:
  Pre-stimulus (0-50ms):
    Mean: 0.004980
    Max:  0.010681
    Std:  0.002135
  Stimulus onset (50-100ms):
    Mean: 0.016014
    Max:  0.096008
    Std:  0.018526
  Stimulus mid (100-150ms):
    Mean: 0.023026
    Max:  0.122661
    Std:  0.022044
  Post-stimulus (150-300ms):
    Mean: 0.011276
    Max:  0.139515
    Std:  0.018117
  Late (300-600ms):
    Mean: 0.005326
    Max:  0.068274
    Std:  0.004034

Per-neuron statistics:
  Neurons with mean > 0.01: 5604/17400
  Neurons with max > 0.05:  6867/17400
  Neurons completely silent: 0/17400

Data validation:
  Contains NaN: False
  Contains Inf: False
  Contains negative: False
  Contains > 1.3: False

================================================================================
GENERATING VISUALIZATIONS
================================================================================

Creating full probability heatmap...
Creating per-neuron statistics...
Creating temporal statistics...

Generating spikes from probabilities...
Total spikes generated: 73315
Creating spike raster plots...
Computing population firing rate...

Saved visualization to: sample_10_visualization.png

================================================================================
ADDITIONAL DIAGNOSTICS
================================================================================

Most active neurons (by probability):
  Neuron 5715: mean=0.021983, max=0.109667, spikes_generated=11
  Neuron 5375: mean=0.021690, max=0.104714, spikes_generated=8
  Neuron 5811: mean=0.021682, max=0.106446, spikes_generated=13
  Neuron 5283: mean=0.021639, max=0.105728, spikes_generated=9
  Neuron 5861: mean=0.021628, max=0.106700, spikes_generated=13
  Neuron 5644: mean=0.021627, max=0.139515, spikes_generated=14
  Neuron 6207: mean=0.021627, max=0.106389, spikes_generated=11
  Neuron 5518: mean=0.021613, max=0.106438, spikes_generated=10
  Neuron 6242: mean=0.021604, max=0.106927, spikes_generated=6
  Neuron 5456: mean=0.021544, max=0.105522, spikes_generated=9

Least active neurons (by probability):
  Neuron 7006: mean=0.001352, max=0.002747, spikes_generated=0
  Neuron 6966: mean=0.001354, max=0.002378, spikes_generated=0
  Neuron 6957: mean=0.001356, max=0.001872, spikes_generated=3
  Neuron 6836: mean=0.001361, max=0.004002, spikes_generated=0
  Neuron 6965: mean=0.001363, max=0.001607, spikes_generated=0
  Neuron 6841: mean=0.001363, max=0.001649, spikes_generated=0
  Neuron 6800: mean=0.001364, max=0.001513, spikes_generated=1
  Neuron 6911: mean=0.001364, max=0.004287, spikes_generated=0
  Neuron 6881: mean=0.001375, max=0.004133, spikes_generated=0
  Neuron 6916: mean=0.001389, max=0.004618, spikes_generated=3

Temporal clustering analysis:
  Pre-stimulus (0-50ms): 3259 spikes (4.4% of total)
  Stimulus onset (50-100ms): 10631 spikes (14.5% of total)
  Stimulus mid (100-150ms): 15545 spikes (21.2% of total)

Probability distribution:
  [0.0000, 0.0070): 7412331 values (71.00%)
  [0.0070, 0.0140): 1358461 values (13.01%)
  [0.0140, 0.0209): 319241 values (3.06%)
  [0.0209, 0.0279): 291359 values (2.79%)
  [0.0279, 0.0349): 366088 values (3.51%)
  [0.0349, 0.0419): 225903 values (2.16%)
  [0.0419, 0.0488): 175224 values (1.68%)
  [0.0488, 0.0558): 134912 values (1.29%)
  [0.0558, 0.0628): 49024 values (0.47%)
  [0.0628, 0.0698): 23263 values (0.22%)
  [0.0698, 0.0767): 17081 values (0.16%)
  [0.0767, 0.0837): 18271 values (0.18%)
  [0.0837, 0.0907): 13804 values (0.13%)
  [0.0907, 0.0977): 13413 values (0.13%)
  [0.0977, 0.1046): 19629 values (0.19%)
  [0.1046, 0.1116): 1553 values (0.01%)
  [0.1116, 0.1186): 215 values (0.00%)
  [0.1186, 0.1256): 161 values (0.00%)
  [0.1256, 0.1325): 25 values (0.00%)
  [0.1325, 0.1395): 42 values (0.00%)

Expected vs actual spike generation:
  Expected spikes (from probabilities): 73482
  Actually generated: 73315
  Ratio (actual/expected): 0.998

================================================================================
ANALYSIS COMPLETE
================================================================================
